<?xml version="1.0" encoding="UTF-8"?>
<testng-results skipped="0" failed="0" ignored="0" total="1" passed="1">
  <reporter-output>
  </reporter-output>
  <suite name="Default suite" duration-ms="15638" started-at="2018-09-18T11:19:46Z" finished-at="2018-09-18T11:20:02Z">
    <groups>
    </groups>
    <test name="Default test" duration-ms="15638" started-at="2018-09-18T11:19:46Z" finished-at="2018-09-18T11:20:02Z">
      <class name="com.Day2.WorkingWithAlerts">
        <test-method status="PASS" signature="openbrowser()[pri:0, instance:com.Day2.WorkingWithAlerts@5b275dab]" name="openbrowser" is-config="true" duration-ms="9200" started-at="2018-09-18T11:19:46Z" finished-at="2018-09-18T11:19:55Z">
          <reporter-output>
          </reporter-output>
        </test-method> <!-- openbrowser -->
        <test-method status="PASS" signature="testcase()[pri:0, instance:com.Day2.WorkingWithAlerts@5b275dab]" name="testcase" duration-ms="6166" started-at="2018-09-18T11:19:55Z" finished-at="2018-09-18T11:20:01Z">
          <reporter-output>
          </reporter-output>
        </test-method> <!-- testcase -->
        <test-method status="PASS" signature="closebrowser()[pri:0, instance:com.Day2.WorkingWithAlerts@5b275dab]" name="closebrowser" is-config="true" duration-ms="244" started-at="2018-09-18T11:20:01Z" finished-at="2018-09-18T11:20:02Z">
          <reporter-output>
          </reporter-output>
        </test-method> <!-- closebrowser -->
      </class> <!-- com.Day2.WorkingWithAlerts -->
    </test> <!-- Default test -->
  </suite> <!-- Default suite -->
</testng-results>
